Starting application.
Loading scene configuration from beam3_vox_massspring_coarse.config.
Parsing configuration file beam3_vox_massspring_coarse.config...
MASSSPRINGSYSTEMOBJCONFIGFILENAME: beam3_vox_coarse.massspring
SOLVER: implicitNewmark
INITIALPOSITIONFILENAME: __none
INITIALVELOCITYFILENAME: __none
G: 9.81
RENDERINGMESHFILENAME: beam_coarse.obj
FIXEDVERTICESFILENAME: constraints_coarse.bou
SUBSTEPSPERTIMESTEP: 3
DAMPINGMASSCOEF: 1
DAMPINGSTIFFNESSCOEF: 0.31623
FORCELOADSFILENAME: loads_coarse.csv
VEGACONFIGURATIONSFILENAME: vegaConfigurations_coarse.csv
MOMENTRIGIDSECTIONLOADSFILENAME: moments_coarse.csv
MOMENTRIGIDSECTIONLOADSTIMEDFILENAME: __none
Loading mass spring system from an obj file...
Parsing configuration file beam3_vox_coarse.massspring...
MASSSPRINGMESHFILENAME: beam_coarse.obj
SURFACEDENSITY: 60
TENSILESTIFFNESS: 26250
SHEARSTIFFNESS: 26250
BENDSTIFFNESS: 0
DAMPING: 0
ADDGRAVITY: 0
reading the stifness file.
the count of number of stifness specified in the file is:135
Number of edges:810
MAss spring model generated.
numFixedVertices:184
Boundary vertices processed.
Creating force model...
Force model: MASSSPRING
Initializing the integrator, n = 184...
Solver type: implicitNewmark
IntergratorBaseSparse constructor called
NewmarkBeta and NewmarkGamma are:0.25 ,0.5
reading the gravity file.
garvity value:0 direction:1
reading the beam dimensions file.
The width of the beam is:0.05  and the number of nodes in a row is:4and impulse force is:0
reading the external moment file.
applying moment of :0 between nodes :33 and 36
applying moment of :0 between nodes :69 and 72
applying moment of :0 between nodes :105 and 108
applying moment of :0 between nodes :141 and 144
applying moment of :0 between nodes :177 and 180
reading the external force file.
the number of nodes on which f_ext is applied is:0
node initialized. Subscribed to force
timeStep is:0.5
calcualting step response here
calcualting step response here
calcualting step response here
calcualting step response here
calcualting step response here
calcualting step response here
