[rospy.client][INFO] 2022-10-23 10:51:48,646: init_node, name[/step_compiler], pid[4329]
[xmlrpc][INFO] 2022-10-23 10:51:48,646: XML-RPC server binding to 0.0.0.0:0
[xmlrpc][INFO] 2022-10-23 10:51:48,646: Started XML-RPC server [http://robo:44399/]
[rospy.init][INFO] 2022-10-23 10:51:48,647: ROS Slave URI: [http://robo:44399/]
[rospy.impl.masterslave][INFO] 2022-10-23 10:51:48,647: _ready: http://robo:44399/
[rospy.registration][INFO] 2022-10-23 10:51:48,647: Registering with master node http://localhost:11311
[xmlrpc][INFO] 2022-10-23 10:51:48,647: xml rpc node: starting XML-RPC server
[rospy.init][INFO] 2022-10-23 10:51:48,747: registered with master
[rospy.rosout][INFO] 2022-10-23 10:51:48,747: initializing /rosout core topic
[rospy.rosout][INFO] 2022-10-23 10:51:48,749: connected to core topic /rosout
[rospy.simtime][INFO] 2022-10-23 10:51:48,750: /use_sim_time is not set, will not subscribe to simulated time [/clock] topic
[rospy.internal][INFO] 2022-10-23 10:51:48,757: topic[/virtual_system/state] adding connection to [http://robo:43409/], count 0
[rospy.internal][INFO] 2022-10-23 10:51:48,759: topic[/step_response2/state] adding connection to [http://robo:35891/], count 0
[rosout][INFO] 2022-10-23 10:51:48,759: Step compiler node intialized and has Subscribed to states
[rospy.internal][INFO] 2022-10-23 10:51:48,761: topic[/step_response4/state] adding connection to [http://robo:46405/], count 0
[rospy.internal][INFO] 2022-10-23 10:51:48,762: topic[/step_response3/state] adding connection to [http://robo:33343/], count 0
[rospy.internal][INFO] 2022-10-23 10:51:48,762: topic[/step_response1/state] adding connection to [http://robo:42273/], count 0
[rospy.internal][INFO] 2022-10-23 10:51:48,763: topic[/step_response0/state] adding connection to [http://robo:35809/], count 0
[rospy.internal][INFO] 2022-10-23 10:51:48,767: topic[/steps_compiled] adding connection to [/controller], count 0
[rospy.internal][INFO] 2022-10-23 10:51:48,979: topic[/rosout] adding connection to [/rosout], count 0
[rospy.internal][INFO] 2022-10-23 10:51:48,979: topic[/steps_compiled] adding connection to [/matlab_global_node_74436], count 1
[rospy.core][INFO] 2022-10-23 10:52:12,826: signal_shutdown [signal-2]
[rospy.internal][INFO] 2022-10-23 10:52:12,831: topic[/rosout] removing connection to /rosout
[rospy.internal][INFO] 2022-10-23 10:52:12,832: topic[/steps_compiled] removing connection to /controller
[rospy.internal][INFO] 2022-10-23 10:52:12,832: topic[/steps_compiled] removing connection to /matlab_global_node_74436
[rospy.internal][INFO] 2022-10-23 10:52:12,832: topic[/virtual_system/state] removing connection to http://robo:43409/
[rospy.internal][INFO] 2022-10-23 10:52:12,832: topic[/step_response0/state] removing connection to http://robo:35809/
[rospy.internal][INFO] 2022-10-23 10:52:12,833: topic[/step_response1/state] removing connection to http://robo:42273/
[rospy.internal][INFO] 2022-10-23 10:52:12,833: topic[/step_response2/state] removing connection to http://robo:35891/
[rospy.internal][INFO] 2022-10-23 10:52:12,834: topic[/step_response3/state] removing connection to http://robo:33343/
[rospy.internal][INFO] 2022-10-23 10:52:12,834: topic[/step_response4/state] removing connection to http://robo:46405/
[rospy.impl.masterslave][INFO] 2022-10-23 10:52:12,834: signal-2
[rospy.core][INFO] 2022-10-23 10:52:13,427: signal_shutdown [atexit]
[rospy.client][INFO] 2022-10-23 10:52:46,773: init_node, name[/step_compiler], pid[5088]
[xmlrpc][INFO] 2022-10-23 10:52:46,773: XML-RPC server binding to 0.0.0.0:0
[xmlrpc][INFO] 2022-10-23 10:52:46,773: Started XML-RPC server [http://robo:42137/]
[rospy.init][INFO] 2022-10-23 10:52:46,773: ROS Slave URI: [http://robo:42137/]
[rospy.impl.masterslave][INFO] 2022-10-23 10:52:46,773: _ready: http://robo:42137/
[rospy.registration][INFO] 2022-10-23 10:52:46,774: Registering with master node http://localhost:11311
[xmlrpc][INFO] 2022-10-23 10:52:46,774: xml rpc node: starting XML-RPC server
[rospy.init][INFO] 2022-10-23 10:52:46,874: registered with master
[rospy.rosout][INFO] 2022-10-23 10:52:46,874: initializing /rosout core topic
[rospy.rosout][INFO] 2022-10-23 10:52:46,876: connected to core topic /rosout
[rospy.simtime][INFO] 2022-10-23 10:52:46,877: /use_sim_time is not set, will not subscribe to simulated time [/clock] topic
[rospy.internal][INFO] 2022-10-23 10:52:46,884: topic[/virtual_system/state] adding connection to [http://robo:33331/], count 0
[rospy.internal][INFO] 2022-10-23 10:52:46,886: topic[/step_response0/state] adding connection to [http://robo:46023/], count 0
[rospy.internal][INFO] 2022-10-23 10:52:46,888: topic[/step_response1/state] adding connection to [http://robo:39821/], count 0
[rospy.internal][INFO] 2022-10-23 10:52:46,890: topic[/step_response2/state] adding connection to [http://robo:46481/], count 0
[rosout][INFO] 2022-10-23 10:52:46,891: Step compiler node intialized and has Subscribed to states
[rospy.internal][INFO] 2022-10-23 10:52:46,892: topic[/step_response3/state] adding connection to [http://robo:34403/], count 0
[rospy.internal][INFO] 2022-10-23 10:52:46,892: topic[/step_response4/state] adding connection to [http://robo:41853/], count 0
[rospy.internal][INFO] 2022-10-23 10:52:46,894: topic[/steps_compiled] adding connection to [/controller], count 0
[rospy.internal][INFO] 2022-10-23 10:52:47,177: topic[/rosout] adding connection to [/rosout], count 0
[rospy.internal][INFO] 2022-10-23 10:52:47,177: topic[/steps_compiled] adding connection to [/matlab_global_node_24259], count 1
[rospy.core][INFO] 2022-10-23 10:54:33,822: signal_shutdown [signal-2]
[rospy.internal][INFO] 2022-10-23 10:54:33,823: topic[/steps_compiled] removing connection to /controller
[rospy.internal][INFO] 2022-10-23 10:54:33,825: topic[/rosout] removing connection to /rosout
[rospy.internal][INFO] 2022-10-23 10:54:33,825: topic[/steps_compiled] removing connection to /matlab_global_node_24259
[rospy.internal][INFO] 2022-10-23 10:54:33,825: topic[/virtual_system/state] removing connection to http://robo:33331/
[rospy.internal][INFO] 2022-10-23 10:54:33,826: topic[/step_response0/state] removing connection to http://robo:46023/
[rospy.internal][INFO] 2022-10-23 10:54:33,826: topic[/step_response1/state] removing connection to http://robo:39821/
[rospy.internal][INFO] 2022-10-23 10:54:33,826: topic[/step_response2/state] removing connection to http://robo:46481/
[rospy.internal][INFO] 2022-10-23 10:54:33,826: topic[/step_response3/state] removing connection to http://robo:34403/
[rospy.internal][INFO] 2022-10-23 10:54:33,827: topic[/step_response4/state] removing connection to http://robo:41853/
[rospy.impl.masterslave][INFO] 2022-10-23 10:54:33,827: signal-2
[rospy.core][INFO] 2022-10-23 10:54:34,423: signal_shutdown [atexit]
[rospy.client][INFO] 2022-10-23 11:01:18,315: init_node, name[/step_compiler], pid[6143]
[xmlrpc][INFO] 2022-10-23 11:01:18,315: XML-RPC server binding to 0.0.0.0:0
[xmlrpc][INFO] 2022-10-23 11:01:18,315: Started XML-RPC server [http://robo:40855/]
[rospy.init][INFO] 2022-10-23 11:01:18,315: ROS Slave URI: [http://robo:40855/]
[rospy.impl.masterslave][INFO] 2022-10-23 11:01:18,315: _ready: http://robo:40855/
[rospy.registration][INFO] 2022-10-23 11:01:18,316: Registering with master node http://localhost:11311
[xmlrpc][INFO] 2022-10-23 11:01:18,316: xml rpc node: starting XML-RPC server
[rospy.init][INFO] 2022-10-23 11:01:18,416: registered with master
[rospy.rosout][INFO] 2022-10-23 11:01:18,416: initializing /rosout core topic
[rospy.rosout][INFO] 2022-10-23 11:01:18,427: connected to core topic /rosout
[rospy.simtime][INFO] 2022-10-23 11:01:18,429: /use_sim_time is not set, will not subscribe to simulated time [/clock] topic
[rospy.internal][INFO] 2022-10-23 11:01:18,449: topic[/virtual_system/state] adding connection to [http://robo:42083/], count 0
[rospy.internal][INFO] 2022-10-23 11:01:18,456: topic[/step_response0/state] adding connection to [http://robo:39553/], count 0
[rospy.internal][INFO] 2022-10-23 11:01:18,461: topic[/step_response1/state] adding connection to [http://robo:39919/], count 0
[rospy.internal][INFO] 2022-10-23 11:01:18,463: topic[/step_response2/state] adding connection to [http://robo:38827/], count 0
[rosout][INFO] 2022-10-23 11:01:18,464: Step compiler node intialized and has Subscribed to states
[rospy.internal][INFO] 2022-10-23 11:01:18,465: topic[/step_response3/state] adding connection to [http://robo:35761/], count 0
[rospy.internal][INFO] 2022-10-23 11:01:18,466: topic[/step_response4/state] adding connection to [http://robo:37913/], count 0
[rospy.internal][INFO] 2022-10-23 11:01:18,466: topic[/steps_compiled] adding connection to [/controller], count 0
[rospy.internal][INFO] 2022-10-23 11:01:18,642: topic[/rosout] adding connection to [/rosout], count 0
[rospy.internal][INFO] 2022-10-23 11:01:18,671: topic[/steps_compiled] adding connection to [/matlab_global_node_11486], count 1
[rospy.core][INFO] 2022-10-23 11:03:41,640: signal_shutdown [signal-2]
[rospy.internal][INFO] 2022-10-23 11:03:41,647: topic[/rosout] removing connection to /rosout
[rospy.internal][INFO] 2022-10-23 11:03:41,648: topic[/steps_compiled] removing connection to /controller
[rospy.internal][INFO] 2022-10-23 11:03:41,648: topic[/steps_compiled] removing connection to /matlab_global_node_11486
[rospy.internal][INFO] 2022-10-23 11:03:41,648: topic[/virtual_system/state] removing connection to http://robo:42083/
[rospy.internal][INFO] 2022-10-23 11:03:41,648: topic[/step_response0/state] removing connection to http://robo:39553/
[rospy.internal][INFO] 2022-10-23 11:03:41,651: topic[/step_response1/state] removing connection to http://robo:39919/
[rospy.internal][INFO] 2022-10-23 11:03:41,651: topic[/step_response2/state] removing connection to http://robo:38827/
[rospy.internal][INFO] 2022-10-23 11:03:41,651: topic[/step_response3/state] removing connection to http://robo:35761/
[rospy.internal][INFO] 2022-10-23 11:03:41,652: topic[/step_response4/state] removing connection to http://robo:37913/
[rospy.impl.masterslave][INFO] 2022-10-23 11:03:41,652: signal-2
[rospy.core][INFO] 2022-10-23 11:03:42,241: signal_shutdown [atexit]
