Starting application.
Loading scene configuration from beam3_vox_massspring.config.
Parsing configuration file beam3_vox_massspring.config...
MASSSPRINGSYSTEMOBJCONFIGFILENAME: beam3_vox.massspring
SOLVER: implicitNewmark
INITIALPOSITIONFILENAME: __none
INITIALVELOCITYFILENAME: __none
G: 9.81
RENDERINGMESHFILENAME: beam.obj
FIXEDVERTICESFILENAME: constraints.bou
SUBSTEPSPERTIMESTEP: 3
DAMPINGMASSCOEF: 1
DAMPINGSTIFFNESSCOEF: 0.1
FORCELOADSFILENAME: loads.csv
VEGACONFIGURATIONSFILENAME: vegaConfigurations.csv
MOMENTRIGIDSECTIONLOADSFILENAME: moments.csv
MOMENTRIGIDSECTIONLOADSTIMEDFILENAME: __none
Loading mass spring system from an obj file...
Parsing configuration file beam3_vox.massspring...
MASSSPRINGMESHFILENAME: beam.obj
SURFACEDENSITY: 24
TENSILESTIFFNESS: 105000
SHEARSTIFFNESS: 105000
BENDSTIFFNESS: 0
DAMPING: 0
ADDGRAVITY: 0
reading the stifness file.
the count of number of stifness specified in the file is:320
Number of edges:1920
MAss spring model generated.
numFixedVertices:405
Boundary vertices processed.
Creating force model...
Force model: MASSSPRING
Initializing the integrator, n = 405...
Solver type: implicitNewmark
IntergratorBaseSparse constructor called
timeStep updated. New timestep is:0.5
NewmarkBeta and NewmarkGamma are:0.25 ,0.5
reading the gravity file.
garvity value:0 direction:1
timeStep updated. New timestep is:0.166667
reading the beam dimensions file.
The width of the beam is:0.05  and the number of nodes in a row is:5and impulse force is:0
reading the external moment file.
applying moment of :0 between nodes :396 and 400
reading the external force file.
the number of nodes on which f_ext is applied is:0
node initialized. Subscribed to force
timeStep is:0.5
timeStep updated. New timestep is:0.1666666716
