[rospy.client][INFO] 2022-10-23 00:17:50,469: init_node, name[/step_compiler], pid[8473]
[xmlrpc][INFO] 2022-10-23 00:17:50,469: XML-RPC server binding to 0.0.0.0:0
[xmlrpc][INFO] 2022-10-23 00:17:50,469: Started XML-RPC server [http://robo:33155/]
[rospy.init][INFO] 2022-10-23 00:17:50,470: ROS Slave URI: [http://robo:33155/]
[rospy.impl.masterslave][INFO] 2022-10-23 00:17:50,470: _ready: http://robo:33155/
[rospy.registration][INFO] 2022-10-23 00:17:50,470: Registering with master node http://localhost:11311
[xmlrpc][INFO] 2022-10-23 00:17:50,470: xml rpc node: starting XML-RPC server
[rospy.init][INFO] 2022-10-23 00:17:50,570: registered with master
[rospy.rosout][INFO] 2022-10-23 00:17:50,570: initializing /rosout core topic
[rospy.rosout][INFO] 2022-10-23 00:17:50,577: connected to core topic /rosout
[rospy.simtime][INFO] 2022-10-23 00:17:50,579: /use_sim_time is not set, will not subscribe to simulated time [/clock] topic
[rospy.internal][INFO] 2022-10-23 00:17:50,598: topic[/virtual_system/state] adding connection to [http://robo:43875/], count 0
[rospy.internal][INFO] 2022-10-23 00:17:50,602: topic[/step_response0/state] adding connection to [http://robo:42807/], count 0
[rospy.internal][INFO] 2022-10-23 00:17:50,609: topic[/step_response1/state] adding connection to [http://robo:46809/], count 0
[rospy.internal][INFO] 2022-10-23 00:17:50,616: topic[/step_response2/state] adding connection to [http://robo:39877/], count 0
[rosout][INFO] 2022-10-23 00:17:50,618: Step compiler node intialized and has Subscribed to states
[rospy.internal][INFO] 2022-10-23 00:17:50,623: topic[/steps_compiled] adding connection to [/controller], count 0
[rospy.internal][INFO] 2022-10-23 00:17:50,623: topic[/step_response4/state] adding connection to [http://robo:40357/], count 0
[rospy.internal][INFO] 2022-10-23 00:17:50,623: topic[/step_response3/state] adding connection to [http://robo:43365/], count 0
[rospy.internal][INFO] 2022-10-23 00:17:50,742: topic[/steps_compiled] adding connection to [/matlab_global_node_61085], count 1
[rospy.internal][INFO] 2022-10-23 00:17:50,843: topic[/rosout] adding connection to [/rosout], count 0
[rospy.core][INFO] 2022-10-23 00:18:29,082: signal_shutdown [signal-2]
[rospy.internal][INFO] 2022-10-23 00:18:29,085: topic[/rosout] removing connection to /rosout
[rospy.internal][INFO] 2022-10-23 00:18:29,086: topic[/steps_compiled] removing connection to /controller
[rospy.internal][INFO] 2022-10-23 00:18:29,086: topic[/steps_compiled] removing connection to /matlab_global_node_61085
[rospy.internal][INFO] 2022-10-23 00:18:29,086: topic[/virtual_system/state] removing connection to http://robo:43875/
[rospy.internal][INFO] 2022-10-23 00:18:29,086: topic[/step_response0/state] removing connection to http://robo:42807/
[rospy.internal][INFO] 2022-10-23 00:18:29,086: topic[/step_response1/state] removing connection to http://robo:46809/
[rospy.internal][INFO] 2022-10-23 00:18:29,087: topic[/step_response2/state] removing connection to http://robo:39877/
[rospy.internal][INFO] 2022-10-23 00:18:29,087: topic[/step_response3/state] removing connection to http://robo:43365/
[rospy.internal][INFO] 2022-10-23 00:18:29,087: topic[/step_response4/state] removing connection to http://robo:40357/
[rospy.impl.masterslave][INFO] 2022-10-23 00:18:29,087: signal-2
[rospy.core][INFO] 2022-10-23 00:18:29,683: signal_shutdown [atexit]
[rospy.client][INFO] 2022-10-23 00:19:28,380: init_node, name[/step_compiler], pid[9259]
[xmlrpc][INFO] 2022-10-23 00:19:28,380: XML-RPC server binding to 0.0.0.0:0
[xmlrpc][INFO] 2022-10-23 00:19:28,380: Started XML-RPC server [http://robo:45083/]
[rospy.impl.masterslave][INFO] 2022-10-23 00:19:28,380: _ready: http://robo:45083/
[rospy.init][INFO] 2022-10-23 00:19:28,380: ROS Slave URI: [http://robo:45083/]
[rospy.registration][INFO] 2022-10-23 00:19:28,381: Registering with master node http://localhost:11311
[xmlrpc][INFO] 2022-10-23 00:19:28,381: xml rpc node: starting XML-RPC server
[rospy.init][INFO] 2022-10-23 00:19:28,481: registered with master
[rospy.rosout][INFO] 2022-10-23 00:19:28,481: initializing /rosout core topic
[rospy.rosout][INFO] 2022-10-23 00:19:28,488: connected to core topic /rosout
[rospy.simtime][INFO] 2022-10-23 00:19:28,490: /use_sim_time is not set, will not subscribe to simulated time [/clock] topic
[rospy.internal][INFO] 2022-10-23 00:19:28,508: topic[/virtual_system/state] adding connection to [http://robo:46459/], count 0
[rospy.internal][INFO] 2022-10-23 00:19:28,516: topic[/step_response0/state] adding connection to [http://robo:45771/], count 0
[rospy.internal][INFO] 2022-10-23 00:19:28,525: topic[/step_response1/state] adding connection to [http://robo:39923/], count 0
[rospy.internal][INFO] 2022-10-23 00:19:28,527: topic[/step_response2/state] adding connection to [http://robo:37337/], count 0
[rosout][INFO] 2022-10-23 00:19:28,528: Step compiler node intialized and has Subscribed to states
[rospy.internal][INFO] 2022-10-23 00:19:28,530: topic[/step_response4/state] adding connection to [http://robo:37315/], count 0
[rospy.internal][INFO] 2022-10-23 00:19:28,530: topic[/step_response3/state] adding connection to [http://robo:46075/], count 0
[rospy.internal][INFO] 2022-10-23 00:19:28,532: topic[/steps_compiled] adding connection to [/controller], count 0
[rospy.internal][INFO] 2022-10-23 00:19:28,716: topic[/rosout] adding connection to [/rosout], count 0
[rospy.internal][INFO] 2022-10-23 00:19:28,735: topic[/steps_compiled] adding connection to [/matlab_global_node_77520], count 1
[rospy.core][INFO] 2022-10-23 00:19:42,857: signal_shutdown [signal-2]
[rospy.internal][INFO] 2022-10-23 00:19:42,859: topic[/rosout] removing connection to /rosout
[rospy.internal][INFO] 2022-10-23 00:19:42,859: topic[/steps_compiled] removing connection to /controller
[rospy.internal][INFO] 2022-10-23 00:19:42,860: topic[/steps_compiled] removing connection to /matlab_global_node_77520
[rospy.internal][INFO] 2022-10-23 00:19:42,860: topic[/virtual_system/state] removing connection to http://robo:46459/
[rospy.internal][INFO] 2022-10-23 00:19:42,860: topic[/step_response0/state] removing connection to http://robo:45771/
[rospy.internal][INFO] 2022-10-23 00:19:42,860: topic[/step_response1/state] removing connection to http://robo:39923/
[rospy.internal][INFO] 2022-10-23 00:19:42,860: topic[/step_response2/state] removing connection to http://robo:37337/
[rospy.internal][INFO] 2022-10-23 00:19:42,861: topic[/step_response3/state] removing connection to http://robo:46075/
[rospy.internal][INFO] 2022-10-23 00:19:42,861: topic[/step_response4/state] removing connection to http://robo:37315/
[rospy.impl.masterslave][INFO] 2022-10-23 00:19:42,867: signal-2
[rospy.core][INFO] 2022-10-23 00:19:43,457: signal_shutdown [atexit]
[rospy.client][INFO] 2022-10-23 00:23:32,295: init_node, name[/step_compiler], pid[10261]
[xmlrpc][INFO] 2022-10-23 00:23:32,296: XML-RPC server binding to 0.0.0.0:0
[xmlrpc][INFO] 2022-10-23 00:23:32,296: Started XML-RPC server [http://robo:46141/]
[rospy.impl.masterslave][INFO] 2022-10-23 00:23:32,296: _ready: http://robo:46141/
[rospy.init][INFO] 2022-10-23 00:23:32,296: ROS Slave URI: [http://robo:46141/]
[rospy.registration][INFO] 2022-10-23 00:23:32,296: Registering with master node http://localhost:11311
[xmlrpc][INFO] 2022-10-23 00:23:32,296: xml rpc node: starting XML-RPC server
[rospy.init][INFO] 2022-10-23 00:23:32,396: registered with master
[rospy.rosout][INFO] 2022-10-23 00:23:32,397: initializing /rosout core topic
[rospy.rosout][INFO] 2022-10-23 00:23:32,403: connected to core topic /rosout
[rospy.simtime][INFO] 2022-10-23 00:23:32,405: /use_sim_time is not set, will not subscribe to simulated time [/clock] topic
[rospy.internal][INFO] 2022-10-23 00:23:32,425: topic[/virtual_system/state] adding connection to [http://robo:34371/], count 0
[rospy.internal][INFO] 2022-10-23 00:23:32,431: topic[/step_response0/state] adding connection to [http://robo:42517/], count 0
[rospy.internal][INFO] 2022-10-23 00:23:32,435: topic[/step_response1/state] adding connection to [http://robo:45727/], count 0
[rospy.internal][INFO] 2022-10-23 00:23:32,440: topic[/step_response2/state] adding connection to [http://robo:41571/], count 0
[rosout][INFO] 2022-10-23 00:23:32,442: Step compiler node intialized and has Subscribed to states
[rospy.internal][INFO] 2022-10-23 00:23:32,448: topic[/step_response3/state] adding connection to [http://robo:37229/], count 0
[rospy.internal][INFO] 2022-10-23 00:23:32,451: topic[/step_response4/state] adding connection to [http://robo:46213/], count 0
[rospy.internal][INFO] 2022-10-23 00:23:32,452: topic[/steps_compiled] adding connection to [/controller], count 0
[rospy.internal][INFO] 2022-10-23 00:23:32,567: topic[/steps_compiled] adding connection to [/matlab_global_node_67504], count 1
[rospy.internal][INFO] 2022-10-23 00:23:32,667: topic[/rosout] adding connection to [/rosout], count 0
[rospy.core][INFO] 2022-10-23 00:23:49,678: signal_shutdown [signal-2]
[rospy.internal][INFO] 2022-10-23 00:23:49,681: topic[/rosout] removing connection to /rosout
[rospy.internal][INFO] 2022-10-23 00:23:49,681: topic[/steps_compiled] removing connection to /controller
[rospy.internal][INFO] 2022-10-23 00:23:49,681: topic[/steps_compiled] removing connection to /matlab_global_node_67504
[rospy.internal][INFO] 2022-10-23 00:23:49,681: topic[/virtual_system/state] removing connection to http://robo:34371/
[rospy.internal][INFO] 2022-10-23 00:23:49,681: topic[/step_response0/state] removing connection to http://robo:42517/
[rospy.internal][INFO] 2022-10-23 00:23:49,682: topic[/step_response1/state] removing connection to http://robo:45727/
[rospy.internal][INFO] 2022-10-23 00:23:49,682: topic[/step_response2/state] removing connection to http://robo:41571/
[rospy.internal][INFO] 2022-10-23 00:23:49,682: topic[/step_response3/state] removing connection to http://robo:37229/
[rospy.internal][INFO] 2022-10-23 00:23:49,682: topic[/step_response4/state] removing connection to http://robo:46213/
[rospy.impl.masterslave][INFO] 2022-10-23 00:23:49,682: signal-2
[rospy.core][INFO] 2022-10-23 00:23:50,279: signal_shutdown [atexit]
[rospy.client][INFO] 2022-10-23 00:25:35,162: init_node, name[/step_compiler], pid[11028]
[xmlrpc][INFO] 2022-10-23 00:25:35,162: XML-RPC server binding to 0.0.0.0:0
[xmlrpc][INFO] 2022-10-23 00:25:35,163: Started XML-RPC server [http://robo:39483/]
[rospy.init][INFO] 2022-10-23 00:25:35,163: ROS Slave URI: [http://robo:39483/]
[rospy.impl.masterslave][INFO] 2022-10-23 00:25:35,163: _ready: http://robo:39483/
[rospy.registration][INFO] 2022-10-23 00:25:35,163: Registering with master node http://localhost:11311
[xmlrpc][INFO] 2022-10-23 00:25:35,163: xml rpc node: starting XML-RPC server
[rospy.init][INFO] 2022-10-23 00:25:35,263: registered with master
[rospy.rosout][INFO] 2022-10-23 00:25:35,263: initializing /rosout core topic
[rospy.rosout][INFO] 2022-10-23 00:25:35,270: connected to core topic /rosout
[rospy.simtime][INFO] 2022-10-23 00:25:35,272: /use_sim_time is not set, will not subscribe to simulated time [/clock] topic
[rospy.internal][INFO] 2022-10-23 00:25:35,292: topic[/virtual_system/state] adding connection to [http://robo:40669/], count 0
[rospy.internal][INFO] 2022-10-23 00:25:35,300: topic[/step_response0/state] adding connection to [http://robo:44037/], count 0
[rospy.internal][INFO] 2022-10-23 00:25:35,308: topic[/step_response1/state] adding connection to [http://robo:39197/], count 0
[rospy.internal][INFO] 2022-10-23 00:25:35,310: topic[/step_response2/state] adding connection to [http://robo:40479/], count 0
[rosout][INFO] 2022-10-23 00:25:35,312: Step compiler node intialized and has Subscribed to states
[rospy.internal][INFO] 2022-10-23 00:25:35,314: topic[/step_response4/state] adding connection to [http://robo:39767/], count 0
[rospy.internal][INFO] 2022-10-23 00:25:35,314: topic[/step_response3/state] adding connection to [http://robo:34041/], count 0
[rospy.internal][INFO] 2022-10-23 00:25:35,316: topic[/steps_compiled] adding connection to [/controller], count 0
[rospy.internal][INFO] 2022-10-23 00:25:35,498: topic[/rosout] adding connection to [/rosout], count 0
[rospy.internal][INFO] 2022-10-23 00:25:35,520: topic[/steps_compiled] adding connection to [/matlab_global_node_46899], count 1
[rospy.core][INFO] 2022-10-23 00:27:07,840: signal_shutdown [signal-2]
[rospy.internal][INFO] 2022-10-23 00:27:07,845: topic[/rosout] removing connection to /rosout
[rospy.internal][INFO] 2022-10-23 00:27:07,845: topic[/steps_compiled] removing connection to /controller
[rospy.internal][INFO] 2022-10-23 00:27:07,846: topic[/steps_compiled] removing connection to /matlab_global_node_46899
[rospy.internal][INFO] 2022-10-23 00:27:07,846: topic[/virtual_system/state] removing connection to http://robo:40669/
[rospy.internal][INFO] 2022-10-23 00:27:07,846: topic[/virtual_system/state] removing connection to http://robo:40669/
[rospy.topics][ERROR] 2022-10-23 00:27:07,846: Traceback (most recent call last):
  File "/opt/ros/noetic/lib/python3/dist-packages/rospy/topics.py", line 326, in close
    c.close()
  File "/opt/ros/noetic/lib/python3/dist-packages/rospy/impl/tcpros_base.py", line 858, in close
    self.socket.close()
AttributeError: 'NoneType' object has no attribute 'close'

[rospy.internal][INFO] 2022-10-23 00:27:07,847: topic[/step_response0/state] removing connection to http://robo:44037/
[rospy.internal][INFO] 2022-10-23 00:27:07,847: topic[/step_response1/state] removing connection to http://robo:39197/
[rospy.internal][INFO] 2022-10-23 00:27:07,847: topic[/step_response2/state] removing connection to http://robo:40479/
[rospy.internal][INFO] 2022-10-23 00:27:07,847: topic[/step_response3/state] removing connection to http://robo:34041/
[rospy.internal][INFO] 2022-10-23 00:27:07,847: topic[/step_response4/state] removing connection to http://robo:39767/
[rospy.impl.masterslave][INFO] 2022-10-23 00:27:07,847: signal-2
[rospy.core][INFO] 2022-10-23 00:27:08,441: signal_shutdown [atexit]
